2017-11-17T14:35:07.579Z - info:   [02548] Logger path: c:\Users\user\Documents\Projects\teamcity-vscode-extension
2017-11-17T14:35:07.582Z - info:   [02548] Logging level: debug
2017-11-17T14:35:07.796Z - debug:  [02548] GitUtils#collectInfo: revParseCommand is "git" -C "c:\Users\user\Documents\Projects\teamcity-vscode-extension" rev-parse --show-toplevel
2017-11-17T14:35:08.380Z - error:  [02548] Tfs repository was not determined
2017-11-17T15:32:28.303Z - info:   [08072] Logger path: c:\Users\user\Documents\Projects\teamcity-vscode-extension
2017-11-17T15:32:28.305Z - info:   [08072] Logging level: debug
2017-11-17T15:32:28.462Z - debug:  [08072] GitUtils#collectInfo: revParseCommand is "git" -C "c:\Users\user\Documents\Projects\teamcity-vscode-extension" rev-parse --show-toplevel
2017-11-17T15:32:28.980Z - error:  [08072] Tfs repository was not determined
2017-11-17T17:44:30.734Z - info:   [08072] GetSuitableConfigs#exec: starts
2017-11-17T17:44:30.735Z - debug:  [08072] GitSupportProvider#getRequiredCheckinInfo: should init checkIn info
2017-11-17T17:44:30.791Z - debug:  [08072] GitSupportProvider#getRequiredCheckinInfo: absPaths is empty
2017-11-17T17:44:30.841Z - debug:  [08072] GitSupportProvider#getRemoteBrunch: remote branch is origin/master
2017-11-17T17:44:30.890Z - debug:  [08072] GitSupportProvider#firstRevHash: first month revision is 66ae6ab34f2e56e7c9aa20dd48a37d33601a2598
2017-11-17T17:44:30.938Z - debug:  [08072] GitSupportProvider#getLastRevision: last merge-based revision is 8c7265478c56a4bb1dff40429e688339823c2a33

2017-11-17T17:44:30.938Z - error:  [08072] Cannot read property 'forEach' of undefined
2017-11-17T17:44:36.796Z - info:   [08072] GetSuitableConfigs#exec: starts
2017-11-17T17:44:36.796Z - debug:  [08072] GitSupportProvider#getRequiredCheckinInfo: should init checkIn info
2017-11-17T17:44:36.849Z - debug:  [08072] GitSupportProvider#getRequiredCheckinInfo: absPaths is empty
2017-11-17T17:44:36.895Z - debug:  [08072] GitSupportProvider#getRemoteBrunch: remote branch is origin/master
2017-11-17T17:44:36.940Z - debug:  [08072] GitSupportProvider#firstRevHash: first month revision is 66ae6ab34f2e56e7c9aa20dd48a37d33601a2598
2017-11-17T17:44:36.986Z - debug:  [08072] GitSupportProvider#getLastRevision: last merge-based revision is 8c7265478c56a4bb1dff40429e688339823c2a33

2017-11-17T17:44:36.986Z - error:  [08072] Cannot read property 'forEach' of undefined
2017-11-20T09:04:41.595Z - info:   [08072] NotificationWatcherImpl#dispose: NW should be disposed.
2017-12-01T08:13:40.430Z - info:   [23972] Logger path: c:\Users\user\Documents\Projects\teamcity-vscode-extension
2017-12-01T08:13:40.432Z - info:   [23972] Logging level: debug
2017-12-01T08:13:40.732Z - debug:  [23972] GitUtils#collectInfo: revParseCommand is "git" -C "c:\Users\user\Documents\Projects\teamcity-vscode-extension" rev-parse --show-toplevel
2017-12-01T08:13:41.439Z - error:  [23972] Tfs repository was not determined
2017-12-01T08:20:51.742Z - info:   [11348] Logger path: c:\Users\user\Documents\Projects\teamcity-vscode-extension
2017-12-01T08:20:51.743Z - info:   [11348] Logging level: debug
2017-12-01T08:20:51.860Z - debug:  [11348] GitUtils#collectInfo: revParseCommand is "git" -C "c:\Users\user\Documents\Projects\teamcity-vscode-extension" rev-parse --show-toplevel
2017-12-01T08:20:52.304Z - error:  [11348] Tfs repository was not determined
2017-12-01T08:24:09.273Z - info:   [23972] NotificationWatcherImpl#dispose: NW should be disposed.
2017-12-01T08:24:17.245Z - info:   [22488] Logger path: c:\Users\user\Documents\Projects\teamcity-vscode-extension
2017-12-01T08:24:17.247Z - info:   [22488] Logging level: debug
2017-12-01T08:24:17.458Z - debug:  [22488] GitUtils#collectInfo: revParseCommand is "git" -C "c:\Users\user\Documents\Projects\teamcity-vscode-extension" rev-parse --show-toplevel
2017-12-01T08:24:18.075Z - error:  [22488] Tfs repository was not determined
2017-12-01T08:24:58.421Z - info:   [22488] NotificationWatcherImpl#dispose: NW should be disposed.
2017-12-01T08:25:08.821Z - info:   [13884] Logger path: c:\Users\user\Documents\Projects\teamcity-vscode-extension
2017-12-01T08:25:08.823Z - info:   [13884] Logging level: debug
2017-12-01T08:25:09.008Z - debug:  [13884] GitUtils#collectInfo: revParseCommand is "git" -C "c:\Users\user\Documents\Projects\teamcity-vscode-extension" rev-parse --show-toplevel
2017-12-01T08:25:09.575Z - error:  [13884] Tfs repository was not determined
2017-12-01T08:25:32.896Z - info:   [13884] SignIn#exec: starts.
2017-12-01T08:25:32.906Z - info:   [13884] SignIn#tryGetCredentialsFromKeytar: keytar doesn't contains a valid credentials
2017-12-01T08:25:33.988Z - warn:   [13884] SignIn#exec: operation was aborted by user
2017-12-01T08:25:43.361Z - info:   [13884] NotificationWatcherImpl#dispose: NW should be disposed.
2017-12-01T08:26:11.790Z - info:   [11012] Logger path: c:\Users\user\Documents\Projects\teamcity-vscode-extension
2017-12-01T08:26:11.792Z - info:   [11012] Logging level: debug
2017-12-01T08:26:12.012Z - debug:  [11012] GitUtils#collectInfo: revParseCommand is "git" -C "c:\Users\user\Documents\Projects\teamcity-vscode-extension" rev-parse --show-toplevel
2017-12-01T08:26:12.564Z - error:  [11012] Tfs repository was not determined
2017-12-01T08:27:09.441Z - info:   [11012] SignIn#exec: starts.
2017-12-01T08:27:09.443Z - info:   [11012] SignIn#tryGetCredentialsFromKeytar: keytar doesn't contains a valid credentials
2017-12-01T08:27:10.666Z - warn:   [11012] SignIn#exec: operation was aborted by user
